00:00:00.000129 main     VirtualBox XPCOM Server 6.1.38 r153438 linux.amd64 (Sep  1 2022 19:47:47) release log
00:00:00.000130 main     Log opened 2022-10-01T11:16:48.065945000Z
00:00:00.000130 main     Build Type: release
00:00:00.000131 main     OS Product: Linux
00:00:00.000132 main     OS Release: 5.19.11-arch1-1
00:00:00.000132 main     OS Version: #1 SMP PREEMPT_DYNAMIC Sat, 24 Sep 2022 18:24:15 +0000
00:00:00.000146 main     DMI Product Name: System Product Name
00:00:00.000150 main     DMI Product Version: System Version
00:00:00.000152 main     Firmware type: UEFI
00:00:00.000202 main     Secure Boot: Disabled
00:00:00.000218 main     Host RAM: 31982MB (31.2GB) total, 30191MB (29.4GB) available
00:00:00.000219 main     Executable: /usr/lib/virtualbox/VBoxSVC
00:00:00.000219 main     Process ID: 3038
00:00:00.000220 main     Package type: LINUX_64BITS_GENERIC (OSE)
00:00:00.000902 main     IPC socket path: /tmp/.vbox-flandre-ipc/ipcd
00:00:00.103120 nspr-2   VirtualBox: object creation starts
00:00:00.103174 nspr-2   Home directory: '/home/flandre/.config/VirtualBox'
00:00:00.104162 nspr-2   Loading settings file "/home/flandre/.config/VirtualBox/VirtualBox.xml" with version "1.12-linux"
00:00:00.110175 nspr-2   NetIfAdpCtlOut: VBoxNetAdpCtl: Error while retrieving link speed for wlan0: VBoxNetAdpCtl: ioctl failed: Operation not supported
00:00:00.110576 nspr-2   HostDnsMonitor: initializing
00:00:00.110654 nspr-2   NAT: resolv.conf: nameserver 127.0.0.53
00:00:00.110657 nspr-2   NAT: resolv.conf: ignoring "options edns0 trust-ad"
00:00:00.110660 nspr-2   HostDnsMonitor: updating information
00:00:00.110664 nspr-2   HostDnsMonitor: old information
00:00:00.110666 nspr-2     no server entries
00:00:00.110667 nspr-2     no domain set
00:00:00.110668 nspr-2     no search string entries
00:00:00.110669 nspr-2   HostDnsMonitor: new information
00:00:00.110670 nspr-2     server 1: 127.0.0.53
00:00:00.110671 nspr-2     domain: .
00:00:00.110672 nspr-2     search string 1: .
00:00:00.111716 nspr-2   VD: VDInit finished with VINF_SUCCESS
00:00:00.111756 nspr-2   ERROR [COM]: aRC=NS_ERROR_FAILURE (0x80004005) aIID={027bc463-929c-40e8-bf16-fea557cd8e7e} aComponent={SystemPropertiesWrap} aText={Cannot determine default Guest Additions ISO location. Most likely they are not available}, preserve=false aResultDetail=0
00:00:00.114251 nspr-2   Loading settings file "/home/flandre/VirtualBox VMs/Arch/Arch.vbox" with version "1.16-linux"
00:00:00.114616 nspr-2   VirtualBox: object created
00:00:00.393937 nspr-3   WARNING [COM]: aRC=NS_ERROR_FAILURE (0x80004005) aIID={16ced992-5fdc-4aba-aff5-6a39bbd7c38b} aComponent={HostWrap} aText={VirtualBox is not currently allowed to access USB devices.  You can change this by adding your user to the 'vboxusers' group.  Please see the user manual for a more detailed explanation}, preserve=true  aResultDetail=0
00:00:00.543115 nspr-3   WARNING [COM]: aRC=NS_ERROR_FAILURE (0x80004005) aIID={16ced992-5fdc-4aba-aff5-6a39bbd7c38b} aComponent={HostWrap} aText={VirtualBox is not currently allowed to access USB devices.  You can change this by adding your user to the 'vboxusers' group.  Please see the user manual for a more detailed explanation}, preserve=true  aResultDetail=0
00:00:00.543599 nspr-3   WARNING [COM]: aRC=NS_ERROR_FAILURE (0x80004005) aIID={16ced992-5fdc-4aba-aff5-6a39bbd7c38b} aComponent={HostWrap} aText={VirtualBox is not currently allowed to access USB devices.  You can change this by adding your user to the 'vboxusers' group.  Please see the user manual for a more detailed explanation}, preserve=true  aResultDetail=0
00:00:08.794891 nspr-2   Saving settings file "/home/flandre/.config/VirtualBox/VirtualBox.xml" with version "1.12-linux"
00:00:08.807966 nspr-3   Saving settings file "/home/flandre/.config/VirtualBox/VirtualBox.xml" with version "1.12-linux"
00:00:08.816436 nspr-2   Saving settings file "/home/flandre/.config/VirtualBox/VirtualBox.xml" with version "1.12-linux"
00:00:08.822341 nspr-2   Saving settings file "/home/flandre/.config/VirtualBox/VirtualBox.xml" with version "1.12-linux"
00:00:14.334042 main     VirtualBox: object deletion starts
00:00:14.334074 main     ERROR [COM]: aRC=VBOX_E_OBJECT_IN_USE (0x80bb000c) aIID={ad47ad09-787b-44ab-b343-a082a3f2dfb1} aComponent={MediumWrap} aText={Medium '/home/flandre/VirtualBox VMs/Arch/Arch.vdi' cannot be closed because it is still attached to 1 virtual machines}, preserve=false aResultDetail=0
00:00:14.334278 main     HostDnsMonitor: shutting down ...
00:00:14.353607 main     HostDnsMonitor: shut down
00:00:14.616467 Watcher  ERROR [COM]: aRC=E_ACCESSDENIED (0x80070005) aIID={d0a0163f-e254-4e5b-a1f2-011cf991c38d} aComponent={VirtualBoxWrap} aText={The object is not ready}, preserve=false aResultDetail=0
00:00:19.353683 main     {00007f1fd0018060} HostPowerServiceLinux::~HostPowerServiceLinux: RTThreadWait() for 5000 ms failed with VERR_TIMEOUT
00:00:19.353801 main     VirtualBox: object deleted
