[2022-09-12T23:26:24.604Z] Log level: Info
[2022-09-12T23:26:24.605Z] [info] Validating found git in: git
[2022-09-12T23:26:24.614Z] [info] Using git 2.37.3 from git
[2022-09-12T23:26:24.620Z] > git rev-parse --show-toplevel [1ms]
[2022-09-12T23:26:24.624Z] > git rev-parse --git-dir --git-common-dir [0ms]
[2022-09-12T23:26:24.627Z] [info] Open repository: /home/flandre/GitClones/PcBuild
[2022-09-12T23:26:24.637Z] > git status -z -uall [6ms]
[2022-09-12T23:26:24.641Z] > git symbolic-ref --short HEAD [1ms]
[2022-09-12T23:26:24.644Z] > git for-each-ref --format=%(refname)%00%(upstream:short)%00%(objectname)%00%(upstream:track)%00%(upstream:remotename)%00%(upstream:remoteref) refs/heads/main refs/remotes/main [0ms]
[2022-09-12T23:26:24.650Z] > git for-each-ref --sort -committerdate --format %(refname) %(objectname) %(*objectname) [3ms]
[2022-09-12T23:26:24.650Z] > git remote --verbose [1ms]
[2022-09-12T23:26:24.655Z] > git config --get commit.template [1ms]
[2022-09-12T23:26:24.658Z] > git status -z -uall [1ms]
[2022-09-12T23:26:24.660Z] > git symbolic-ref --short HEAD [0ms]
[2022-09-12T23:26:24.664Z] > git for-each-ref --format=%(refname)%00%(upstream:short)%00%(objectname)%00%(upstream:track)%00%(upstream:remotename)%00%(upstream:remoteref) refs/heads/main refs/remotes/main [1ms]
[2022-09-12T23:26:24.669Z] > git for-each-ref --sort -committerdate --format %(refname) %(objectname) %(*objectname) [3ms]
[2022-09-12T23:26:24.669Z] > git remote --verbose [1ms]
[2022-09-12T23:26:24.673Z] > git config --get commit.template [1ms]
[2022-09-12T23:26:24.938Z] > git show --textconv :install.sh [2ms]
[2022-09-12T23:26:24.938Z] > git ls-files --stage -- /home/flandre/GitClones/PcBuild/install.sh [1ms]
[2022-09-12T23:26:24.941Z] > git cat-file -s 5d522a6080fb07a2de43266bb490133990e9603e [1ms]
[2022-09-12T23:26:25.138Z] > git check-ignore -v -z --stdin [0ms]
[2022-09-12T23:26:35.983Z] > git status -z -uall [1ms]
[2022-09-12T23:26:35.985Z] > git symbolic-ref --short HEAD [0ms]
[2022-09-12T23:26:35.988Z] > git for-each-ref --format=%(refname)%00%(upstream:short)%00%(objectname)%00%(upstream:track)%00%(upstream:remotename)%00%(upstream:remoteref) refs/heads/main refs/remotes/main [0ms]
[2022-09-12T23:26:35.993Z] > git for-each-ref --sort -committerdate --format %(refname) %(objectname) %(*objectname) [3ms]
[2022-09-12T23:26:35.993Z] > git remote --verbose [1ms]
[2022-09-12T23:26:35.996Z] > git config --get commit.template [0ms]
[2022-09-12T23:26:41.000Z] > git status -z -uall [0ms]
[2022-09-12T23:26:41.003Z] > git symbolic-ref --short HEAD [0ms]
[2022-09-12T23:26:41.006Z] > git for-each-ref --format=%(refname)%00%(upstream:short)%00%(objectname)%00%(upstream:track)%00%(upstream:remotename)%00%(upstream:remoteref) refs/heads/main refs/remotes/main [0ms]
[2022-09-12T23:26:41.010Z] > git for-each-ref --sort -committerdate --format %(refname) %(objectname) %(*objectname) [2ms]
[2022-09-12T23:26:41.011Z] > git remote --verbose [1ms]
[2022-09-12T23:26:41.014Z] > git config --get commit.template [0ms]
[2022-09-12T23:26:46.440Z] > git status -z -uall [1ms]
[2022-09-12T23:26:46.443Z] > git symbolic-ref --short HEAD [1ms]
[2022-09-12T23:26:46.445Z] > git for-each-ref --format=%(refname)%00%(upstream:short)%00%(objectname)%00%(upstream:track)%00%(upstream:remotename)%00%(upstream:remoteref) refs/heads/main refs/remotes/main [0ms]
[2022-09-12T23:26:46.450Z] > git for-each-ref --sort -committerdate --format %(refname) %(objectname) %(*objectname) [2ms]
[2022-09-12T23:26:46.450Z] > git remote --verbose [0ms]
[2022-09-12T23:26:46.453Z] > git config --get commit.template [0ms]
[2022-09-12T23:26:51.457Z] > git status -z -uall [1ms]
[2022-09-12T23:26:51.460Z] > git symbolic-ref --short HEAD [0ms]
[2022-09-12T23:26:51.463Z] > git for-each-ref --format=%(refname)%00%(upstream:short)%00%(objectname)%00%(upstream:track)%00%(upstream:remotename)%00%(upstream:remoteref) refs/heads/main refs/remotes/main [1ms]
[2022-09-12T23:26:51.467Z] > git for-each-ref --sort -committerdate --format %(refname) %(objectname) %(*objectname) [2ms]
[2022-09-12T23:26:51.467Z] > git remote --verbose [0ms]
[2022-09-12T23:26:51.471Z] > git config --get commit.template [1ms]
[2022-09-12T23:26:56.474Z] > git status -z -uall [1ms]
[2022-09-12T23:26:56.477Z] > git symbolic-ref --short HEAD [1ms]
[2022-09-12T23:26:56.479Z] > git for-each-ref --format=%(refname)%00%(upstream:short)%00%(objectname)%00%(upstream:track)%00%(upstream:remotename)%00%(upstream:remoteref) refs/heads/main refs/remotes/main [0ms]
[2022-09-12T23:26:56.484Z] > git for-each-ref --sort -committerdate --format %(refname) %(objectname) %(*objectname) [2ms]
[2022-09-12T23:26:56.484Z] > git remote --verbose [0ms]
[2022-09-12T23:26:56.488Z] > git config --get commit.template [0ms]
[2022-09-12T23:27:01.492Z] > git status -z -uall [1ms]
[2022-09-12T23:27:01.494Z] > git symbolic-ref --short HEAD [0ms]
[2022-09-12T23:27:01.497Z] > git for-each-ref --format=%(refname)%00%(upstream:short)%00%(objectname)%00%(upstream:track)%00%(upstream:remotename)%00%(upstream:remoteref) refs/heads/main refs/remotes/main [0ms]
[2022-09-12T23:27:01.502Z] > git for-each-ref --sort -committerdate --format %(refname) %(objectname) %(*objectname) [3ms]
[2022-09-12T23:27:01.502Z] > git remote --verbose [1ms]
[2022-09-12T23:27:01.505Z] > git config --get commit.template [0ms]
[2022-09-12T23:27:06.509Z] > git status -z -uall [1ms]
[2022-09-12T23:27:06.511Z] > git symbolic-ref --short HEAD [0ms]
[2022-09-12T23:27:06.515Z] > git for-each-ref --format=%(refname)%00%(upstream:short)%00%(objectname)%00%(upstream:track)%00%(upstream:remotename)%00%(upstream:remoteref) refs/heads/main refs/remotes/main [1ms]
[2022-09-12T23:27:06.519Z] > git for-each-ref --sort -committerdate --format %(refname) %(objectname) %(*objectname) [2ms]
[2022-09-12T23:27:06.520Z] > git remote --verbose [1ms]
[2022-09-12T23:27:06.523Z] > git config --get commit.template [1ms]
[2022-09-12T23:27:20.497Z] > git status -z -uall [1ms]
[2022-09-12T23:27:20.499Z] > git symbolic-ref --short HEAD [0ms]
[2022-09-12T23:27:20.502Z] > git for-each-ref --format=%(refname)%00%(upstream:short)%00%(objectname)%00%(upstream:track)%00%(upstream:remotename)%00%(upstream:remoteref) refs/heads/main refs/remotes/main [0ms]
[2022-09-12T23:27:20.507Z] > git for-each-ref --sort -committerdate --format %(refname) %(objectname) %(*objectname) [3ms]
[2022-09-12T23:27:20.507Z] > git remote --verbose [1ms]
[2022-09-12T23:27:20.510Z] > git config --get commit.template [0ms]
[2022-09-12T23:27:48.855Z] > git status -z -uall [1ms]
[2022-09-12T23:27:48.858Z] > git symbolic-ref --short HEAD [1ms]
[2022-09-12T23:27:48.861Z] > git for-each-ref --format=%(refname)%00%(upstream:short)%00%(objectname)%00%(upstream:track)%00%(upstream:remotename)%00%(upstream:remoteref) refs/heads/main refs/remotes/main [1ms]
[2022-09-12T23:27:48.865Z] > git for-each-ref --sort -committerdate --format %(refname) %(objectname) %(*objectname) [2ms]
[2022-09-12T23:27:48.866Z] > git remote --verbose [1ms]
[2022-09-12T23:27:48.869Z] > git config --get commit.template [1ms]
[2022-09-12T23:27:48.878Z] > git ls-files --stage -- /home/flandre/GitClones/PcBuild/install.sh [1ms]
[2022-09-12T23:27:48.880Z] > git cat-file -s 8c16175de0b67d420feaa77e5e592cf333a966d4 [0ms]
[2022-09-12T23:27:48.885Z] > git show --textconv :install.sh [1ms]
[2022-09-12T23:29:00.713Z] > git status -z -uall [0ms]
[2022-09-12T23:29:00.716Z] > git symbolic-ref --short HEAD [1ms]
[2022-09-12T23:29:00.718Z] > git ls-files --stage -- /home/flandre/GitClones/PcBuild/install.sh [2ms]
[2022-09-12T23:29:00.719Z] > git for-each-ref --format=%(refname)%00%(upstream:short)%00%(objectname)%00%(upstream:track)%00%(upstream:remotename)%00%(upstream:remoteref) refs/heads/main refs/remotes/main [1ms]
[2022-09-12T23:29:00.722Z] > git for-each-ref --sort -committerdate --format %(refname) %(objectname) %(*objectname) [1ms]
[2022-09-12T23:29:00.722Z] > git cat-file -s 8c16175de0b67d420feaa77e5e592cf333a966d4 [3ms]
[2022-09-12T23:29:00.723Z] > git remote --verbose [1ms]
[2022-09-12T23:29:00.725Z] > git config --get commit.template [0ms]
[2022-09-12T23:29:00.727Z] > git show --textconv :install.sh [0ms]
[2022-09-12T23:29:05.729Z] > git status -z -uall [1ms]
[2022-09-12T23:29:05.732Z] > git symbolic-ref --short HEAD [0ms]
[2022-09-12T23:29:05.735Z] > git for-each-ref --format=%(refname)%00%(upstream:short)%00%(objectname)%00%(upstream:track)%00%(upstream:remotename)%00%(upstream:remoteref) refs/heads/main refs/remotes/main [1ms]
[2022-09-12T23:29:05.740Z] > git for-each-ref --sort -committerdate --format %(refname) %(objectname) %(*objectname) [3ms]
[2022-09-12T23:29:05.741Z] > git remote --verbose [1ms]
[2022-09-12T23:29:05.744Z] > git config --get commit.template [0ms]
[2022-09-12T23:29:41.011Z] > git status -z -uall [1ms]
[2022-09-12T23:29:41.014Z] > git symbolic-ref --short HEAD [0ms]
[2022-09-12T23:29:41.017Z] > git for-each-ref --format=%(refname)%00%(upstream:short)%00%(objectname)%00%(upstream:track)%00%(upstream:remotename)%00%(upstream:remoteref) refs/heads/main refs/remotes/main [1ms]
[2022-09-12T23:29:41.021Z] > git for-each-ref --sort -committerdate --format %(refname) %(objectname) %(*objectname) [2ms]
[2022-09-12T23:29:41.022Z] > git remote --verbose [1ms]
[2022-09-12T23:29:41.025Z] > git config --get commit.template [1ms]
[2022-09-12T23:29:46.029Z] > git status -z -uall [1ms]
[2022-09-12T23:29:46.032Z] > git symbolic-ref --short HEAD [0ms]
[2022-09-12T23:29:46.035Z] > git for-each-ref --format=%(refname)%00%(upstream:short)%00%(objectname)%00%(upstream:track)%00%(upstream:remotename)%00%(upstream:remoteref) refs/heads/main refs/remotes/main [1ms]
[2022-09-12T23:29:46.039Z] > git for-each-ref --sort -committerdate --format %(refname) %(objectname) %(*objectname) [2ms]
[2022-09-12T23:29:46.039Z] > git remote --verbose [0ms]
[2022-09-12T23:29:46.042Z] > git config --get commit.template [0ms]
[2022-09-12T23:30:04.283Z] > git status -z -uall [0ms]
[2022-09-12T23:30:04.286Z] > git symbolic-ref --short HEAD [0ms]
[2022-09-12T23:30:04.289Z] > git for-each-ref --format=%(refname)%00%(upstream:short)%00%(objectname)%00%(upstream:track)%00%(upstream:remotename)%00%(upstream:remoteref) refs/heads/main refs/remotes/main [0ms]
[2022-09-12T23:30:04.294Z] > git for-each-ref --sort -committerdate --format %(refname) %(objectname) %(*objectname) [2ms]
[2022-09-12T23:30:04.294Z] > git remote --verbose [0ms]
[2022-09-12T23:30:04.298Z] > git config --get commit.template [1ms]
[2022-09-12T23:30:20.283Z] > git status -z -uall [0ms]
[2022-09-12T23:30:20.286Z] > git symbolic-ref --short HEAD [0ms]
[2022-09-12T23:30:20.289Z] > git for-each-ref --format=%(refname)%00%(upstream:short)%00%(objectname)%00%(upstream:track)%00%(upstream:remotename)%00%(upstream:remoteref) refs/heads/main refs/remotes/main [1ms]
[2022-09-12T23:30:20.293Z] > git for-each-ref --sort -committerdate --format %(refname) %(objectname) %(*objectname) [2ms]
[2022-09-12T23:30:20.293Z] > git remote --verbose [0ms]
[2022-09-12T23:30:20.296Z] > git config --get commit.template [0ms]
[2022-09-12T23:30:25.299Z] > git status -z -uall [0ms]
[2022-09-12T23:30:25.302Z] > git symbolic-ref --short HEAD [0ms]
[2022-09-12T23:30:25.305Z] > git for-each-ref --format=%(refname)%00%(upstream:short)%00%(objectname)%00%(upstream:track)%00%(upstream:remotename)%00%(upstream:remoteref) refs/heads/main refs/remotes/main [1ms]
[2022-09-12T23:30:25.309Z] > git for-each-ref --sort -committerdate --format %(refname) %(objectname) %(*objectname) [2ms]
[2022-09-12T23:30:25.310Z] > git remote --verbose [1ms]
[2022-09-12T23:30:25.313Z] > git config --get commit.template [1ms]
[2022-09-12T23:30:30.316Z] > git status -z -uall [0ms]
[2022-09-12T23:30:30.319Z] > git symbolic-ref --short HEAD [0ms]
[2022-09-12T23:30:30.322Z] > git for-each-ref --format=%(refname)%00%(upstream:short)%00%(objectname)%00%(upstream:track)%00%(upstream:remotename)%00%(upstream:remoteref) refs/heads/main refs/remotes/main [1ms]
[2022-09-12T23:30:30.326Z] > git for-each-ref --sort -committerdate --format %(refname) %(objectname) %(*objectname) [3ms]
[2022-09-12T23:30:30.326Z] > git remote --verbose [0ms]
[2022-09-12T23:30:30.329Z] > git config --get commit.template [0ms]
[2022-09-12T23:30:35.334Z] > git status -z -uall [1ms]
[2022-09-12T23:30:35.337Z] > git symbolic-ref --short HEAD [1ms]
[2022-09-12T23:30:35.339Z] > git for-each-ref --format=%(refname)%00%(upstream:short)%00%(objectname)%00%(upstream:track)%00%(upstream:remotename)%00%(upstream:remoteref) refs/heads/main refs/remotes/main [0ms]
[2022-09-12T23:30:35.344Z] > git for-each-ref --sort -committerdate --format %(refname) %(objectname) %(*objectname) [2ms]
[2022-09-12T23:30:35.344Z] > git remote --verbose [0ms]
[2022-09-12T23:30:35.347Z] > git config --get commit.template [0ms]
[2022-09-12T23:51:22.835Z] > git status -z -uall [1ms]
[2022-09-12T23:51:22.838Z] > git symbolic-ref --short HEAD [1ms]
[2022-09-12T23:51:22.840Z] > git for-each-ref --format=%(refname)%00%(upstream:short)%00%(objectname)%00%(upstream:track)%00%(upstream:remotename)%00%(upstream:remoteref) refs/heads/main refs/remotes/main [0ms]
[2022-09-12T23:51:22.845Z] > git for-each-ref --sort -committerdate --format %(refname) %(objectname) %(*objectname) [2ms]
[2022-09-12T23:51:22.845Z] > git remote --verbose [0ms]
[2022-09-12T23:51:22.849Z] > git config --get commit.template [1ms]
[2022-09-12T23:51:22.860Z] > git ls-files --stage -- /home/flandre/GitClones/PcBuild/install.sh [1ms]
[2022-09-12T23:51:22.862Z] > git cat-file -s 88800d4fb8c920e57b9f48e8562b3b7e66b5e140 [0ms]
[2022-09-12T23:51:22.867Z] > git show --textconv :install.sh [1ms]
